<?xml version="1.0" encoding="UTF-8"?>
<!-- Generated by org.testng.reporters.JUnitReportReporter -->
<testsuite hostname="LAPTOP-DQ7KB8NS" failures="0" tests="2" name="com.testcases.udemy.Sign_upTest" time="21.242" errors="0" timestamp="2024-07-10T16:41:24 IST" skipped="0">
  <testcase classname="com.testcases.udemy.Sign_upTest" name="UrlLaunching" time="3.628"/>
  <testcase classname="com.testcases.udemy.Sign_upTest" name="sigupButton" time="17.614"/>
</testsuite> <!-- com.testcases.udemy.Sign_upTest -->
