<?xml version="1.0" encoding="UTF-8"?>
<!-- Generated by org.testng.reporters.JUnitReportReporter -->
<testsuite hostname="LAPTOP-DQ7KB8NS" failures="0" tests="1" name="com.Base.Udemy.Base" time="0.000" errors="0" timestamp="2024-06-27T16:14:17 IST" skipped="1">
  <testcase classname="com.Base.Udemy.Base" name="UrlLonching" time="0.000">
    <skipped/>
  </testcase> <!-- UrlLonching -->
</testsuite> <!-- com.Base.Udemy.Base -->
